2026-03-11T20:22:03.158+05:30  INFO 61899 --- [main] com.payflow.PayFlowApplication           : Starting PayFlowApplication using Java 22.0.1 with PID 61899 (/Users/divyanshu/Downloads/payflow/target/classes started by divyanshu in /Users/divyanshu/Downloads/payflow)
2026-03-11T20:22:03.167+05:30  INFO 61899 --- [main] com.payflow.PayFlowApplication           : No active profile set, falling back to 1 default profile: "default"
2026-03-11T20:22:03.647+05:30  INFO 61899 --- [main] .s.d.r.c.RepositoryConfigurationDelegate : Bootstrapping Spring Data JPA repositories in DEFAULT mode.
2026-03-11T20:22:03.691+05:30  INFO 61899 --- [main] .s.d.r.c.RepositoryConfigurationDelegate : Finished Spring Data repository scanning in 39 ms. Found 5 JPA repository interfaces.
2026-03-11T20:22:04.145+05:30  INFO 61899 --- [main] o.s.b.w.embedded.tomcat.TomcatWebServer  : Tomcat initialized with port 8080 (http)
2026-03-11T20:22:04.156+05:30  INFO 61899 --- [main] o.apache.catalina.core.StandardService   : Starting service [Tomcat]
2026-03-11T20:22:04.156+05:30  INFO 61899 --- [main] o.apache.catalina.core.StandardEngine    : Starting Servlet engine: [Apache Tomcat/10.1.20]
2026-03-11T20:22:04.198+05:30  INFO 61899 --- [main] o.a.c.c.C.[Tomcat].[localhost].[/]       : Initializing Spring embedded WebApplicationContext
2026-03-11T20:22:04.198+05:30  INFO 61899 --- [main] w.s.c.ServletWebServerApplicationContext : Root WebApplicationContext: initialization completed in 1001 ms
2026-03-11T20:22:04.338+05:30  INFO 61899 --- [main] o.hibernate.jpa.internal.util.LogHelper  : HHH000204: Processing PersistenceUnitInfo [name: default]
2026-03-11T20:22:04.383+05:30  INFO 61899 --- [main] org.hibernate.Version                    : HHH000412: Hibernate ORM core version 6.4.4.Final
2026-03-11T20:22:04.432+05:30  INFO 61899 --- [main] o.h.c.internal.RegionFactoryInitiator    : HHH000026: Second-level cache disabled
2026-03-11T20:22:04.623+05:30  INFO 61899 --- [main] o.s.o.j.p.SpringPersistenceUnitInfo      : No LoadTimeWeaver setup: ignoring JPA class transformer
2026-03-11T20:22:04.648+05:30  INFO 61899 --- [main] com.zaxxer.hikari.HikariDataSource       : HikariPool-1 - Starting...
2026-03-11T20:22:04.994+05:30  INFO 61899 --- [main] com.zaxxer.hikari.pool.HikariPool        : HikariPool-1 - Added connection com.mysql.cj.jdbc.ConnectionImpl@298e002d
2026-03-11T20:22:04.995+05:30  INFO 61899 --- [main] com.zaxxer.hikari.HikariDataSource       : HikariPool-1 - Start completed.
2026-03-11T20:22:05.636+05:30  INFO 61899 --- [main] o.h.e.t.j.p.i.JtaPlatformInitiator       : HHH000489: No JTA platform available (set 'hibernate.transaction.jta.platform' to enable JTA platform integration)
2026-03-11T20:22:05.736+05:30  INFO 61899 --- [main] j.LocalContainerEntityManagerFactoryBean : Initialized JPA EntityManagerFactory for persistence unit 'default'
2026-03-11T20:22:06.064+05:30  INFO 61899 --- [main] o.s.d.j.r.query.QueryEnhancerFactory     : Hibernate is in classpath; If applicable, HQL parser will be used.
2026-03-11T20:22:06.364+05:30  WARN 61899 --- [main] JpaBaseConfiguration$JpaWebConfiguration : spring.jpa.open-in-view is enabled by default. Therefore, database queries may be performed during view rendering. Explicitly configure spring.jpa.open-in-view to disable this warning
2026-03-11T20:22:06.537+05:30  INFO 61899 --- [main] o.s.s.web.DefaultSecurityFilterChain     : Will secure any request with [org.springframework.security.web.session.DisableEncodeUrlFilter@4bd29a01, org.springframework.security.web.context.request.async.WebAsyncManagerIntegrationFilter@5a4a8a33, org.springframework.security.web.context.SecurityContextHolderFilter@4563d421, org.springframework.security.web.header.HeaderWriterFilter@42b6acc2, org.springframework.web.filter.CorsFilter@4a3363c9, org.springframework.security.web.authentication.logout.LogoutFilter@504f2bcd, com.payflow.filter.JwtAuthenticationFilter@743f58c3, org.springframework.security.web.authentication.www.BasicAuthenticationFilter@6b0f50d8, org.springframework.security.web.savedrequest.RequestCacheAwareFilter@3a7deba5, org.springframework.security.web.servletapi.SecurityContextHolderAwareRequestFilter@78fc5eb, org.springframework.security.web.authentication.AnonymousAuthenticationFilter@63cf6497, org.springframework.security.web.session.SessionManagementFilter@74061ced, org.springframework.security.web.access.ExceptionTranslationFilter@4c0d7878, org.springframework.security.web.access.intercept.AuthorizationFilter@1c33d539]
2026-03-11T20:22:06.708+05:30  INFO 61899 --- [main] o.s.b.w.embedded.tomcat.TomcatWebServer  : Tomcat started on port 8080 (http) with context path ''
2026-03-11T20:22:06.715+05:30  INFO 61899 --- [main] com.payflow.PayFlowApplication           : Started PayFlowApplication in 3.882 seconds (process running for 4.129)
2026-03-11T20:22:23.873+05:30  INFO 61899 --- [http-nio-8080-exec-1] o.a.c.c.C.[Tomcat].[localhost].[/]       : Initializing Spring DispatcherServlet 'dispatcherServlet'
2026-03-11T20:22:23.873+05:30  INFO 61899 --- [http-nio-8080-exec-1] o.s.web.servlet.DispatcherServlet        : Initializing Servlet 'dispatcherServlet'
2026-03-11T20:22:23.874+05:30  INFO 61899 --- [http-nio-8080-exec-1] o.s.web.servlet.DispatcherServlet        : Completed initialization in 1 ms
2026-03-11T20:22:23.943+05:30  INFO 61899 --- [http-nio-8080-exec-1] com.payflow.service.UserService          : User creation request | email=anand9151@gmail.com
2026-03-11T20:22:23.953+05:30  WARN 61899 --- [http-nio-8080-exec-1] com.payflow.service.UserService          : User creation failed - email already exists | email=anand9151@gmail.com
2026-03-11T20:23:45.257+05:30  INFO 61899 --- [http-nio-8080-exec-6] com.payflow.service.WalletService        : Debit request received | walletId=52 | amount=553
2026-03-11T20:23:45.268+05:30  INFO 61899 --- [http-nio-8080-exec-6] com.payflow.service.WalletService        : Debit successful | walletId=52 | newBalance=55960.00
2026-03-11T20:24:44.917+05:30  INFO 61899 --- [http-nio-8080-exec-7] com.payflow.service.WalletService        : Credit request received | walletId=52 | amount=553
2026-03-11T20:24:44.934+05:30  INFO 61899 --- [http-nio-8080-exec-7] com.payflow.service.WalletService        : Credit successful | walletId=52 | newBalance=56513.00
2026-03-11T20:25:20.784+05:30  INFO 61899 --- [SpringApplicationShutdownHook] j.LocalContainerEntityManagerFactoryBean : Closing JPA EntityManagerFactory for persistence unit 'default'
2026-03-11T20:25:20.786+05:30  INFO 61899 --- [SpringApplicationShutdownHook] com.zaxxer.hikari.HikariDataSource       : HikariPool-1 - Shutdown initiated...
2026-03-11T20:25:20.791+05:30  INFO 61899 --- [SpringApplicationShutdownHook] com.zaxxer.hikari.HikariDataSource       : HikariPool-1 - Shutdown completed.
2026-03-11T20:25:23.405+05:30  INFO 61947 --- [main] com.payflow.PayFlowApplication           : Starting PayFlowApplication using Java 22.0.1 with PID 61947 (/Users/divyanshu/Downloads/payflow/target/classes started by divyanshu in /Users/divyanshu/Downloads/payflow)
2026-03-11T20:25:23.406+05:30  INFO 61947 --- [main] com.payflow.PayFlowApplication           : No active profile set, falling back to 1 default profile: "default"
2026-03-11T20:25:23.874+05:30  INFO 61947 --- [main] .s.d.r.c.RepositoryConfigurationDelegate : Bootstrapping Spring Data JPA repositories in DEFAULT mode.
2026-03-11T20:25:23.921+05:30  INFO 61947 --- [main] .s.d.r.c.RepositoryConfigurationDelegate : Finished Spring Data repository scanning in 42 ms. Found 5 JPA repository interfaces.
2026-03-11T20:25:24.332+05:30  INFO 61947 --- [main] o.s.b.w.embedded.tomcat.TomcatWebServer  : Tomcat initialized with port 8080 (http)
2026-03-11T20:25:24.340+05:30  INFO 61947 --- [main] o.apache.catalina.core.StandardService   : Starting service [Tomcat]
2026-03-11T20:25:24.340+05:30  INFO 61947 --- [main] o.apache.catalina.core.StandardEngine    : Starting Servlet engine: [Apache Tomcat/10.1.20]
2026-03-11T20:25:24.371+05:30  INFO 61947 --- [main] o.a.c.c.C.[Tomcat].[localhost].[/]       : Initializing Spring embedded WebApplicationContext
2026-03-11T20:25:24.372+05:30  INFO 61947 --- [main] w.s.c.ServletWebServerApplicationContext : Root WebApplicationContext: initialization completed in 932 ms
2026-03-11T20:25:24.477+05:30  INFO 61947 --- [main] o.hibernate.jpa.internal.util.LogHelper  : HHH000204: Processing PersistenceUnitInfo [name: default]
2026-03-11T20:25:24.505+05:30  INFO 61947 --- [main] org.hibernate.Version                    : HHH000412: Hibernate ORM core version 6.4.4.Final
2026-03-11T20:25:24.527+05:30  INFO 61947 --- [main] o.h.c.internal.RegionFactoryInitiator    : HHH000026: Second-level cache disabled
2026-03-11T20:25:24.653+05:30  INFO 61947 --- [main] o.s.o.j.p.SpringPersistenceUnitInfo      : No LoadTimeWeaver setup: ignoring JPA class transformer
2026-03-11T20:25:24.667+05:30  INFO 61947 --- [main] com.zaxxer.hikari.HikariDataSource       : HikariPool-1 - Starting...
2026-03-11T20:25:24.886+05:30  INFO 61947 --- [main] com.zaxxer.hikari.pool.HikariPool        : HikariPool-1 - Added connection com.mysql.cj.jdbc.ConnectionImpl@3feebf9c
2026-03-11T20:25:24.887+05:30  INFO 61947 --- [main] com.zaxxer.hikari.HikariDataSource       : HikariPool-1 - Start completed.
2026-03-11T20:25:25.465+05:30  INFO 61947 --- [main] o.h.e.t.j.p.i.JtaPlatformInitiator       : HHH000489: No JTA platform available (set 'hibernate.transaction.jta.platform' to enable JTA platform integration)
2026-03-11T20:25:25.537+05:30  INFO 61947 --- [main] j.LocalContainerEntityManagerFactoryBean : Initialized JPA EntityManagerFactory for persistence unit 'default'
2026-03-11T20:25:25.819+05:30  INFO 61947 --- [main] o.s.d.j.r.query.QueryEnhancerFactory     : Hibernate is in classpath; If applicable, HQL parser will be used.
2026-03-11T20:25:26.122+05:30  WARN 61947 --- [main] JpaBaseConfiguration$JpaWebConfiguration : spring.jpa.open-in-view is enabled by default. Therefore, database queries may be performed during view rendering. Explicitly configure spring.jpa.open-in-view to disable this warning
2026-03-11T20:25:26.302+05:30  INFO 61947 --- [main] o.s.s.web.DefaultSecurityFilterChain     : Will secure any request with [org.springframework.security.web.session.DisableEncodeUrlFilter@3a5e591b, org.springframework.security.web.context.request.async.WebAsyncManagerIntegrationFilter@43076326, org.springframework.security.web.context.SecurityContextHolderFilter@35b8b69f, org.springframework.security.web.header.HeaderWriterFilter@1d0695da, org.springframework.web.filter.CorsFilter@29244152, org.springframework.security.web.authentication.logout.LogoutFilter@bb9bad9, com.payflow.filter.JwtAuthenticationFilter@64745270, org.springframework.security.web.authentication.www.BasicAuthenticationFilter@78fc5eb, org.springframework.security.web.savedrequest.RequestCacheAwareFilter@3b67c637, org.springframework.security.web.servletapi.SecurityContextHolderAwareRequestFilter@31b11287, org.springframework.security.web.authentication.AnonymousAuthenticationFilter@1b81a499, org.springframework.security.web.session.SessionManagementFilter@51b1732d, org.springframework.security.web.access.ExceptionTranslationFilter@6b0aa757, org.springframework.security.web.access.intercept.AuthorizationFilter@135ec43a]
2026-03-11T20:25:26.463+05:30  INFO 61947 --- [main] o.s.b.w.embedded.tomcat.TomcatWebServer  : Tomcat started on port 8080 (http) with context path ''
2026-03-11T20:25:26.471+05:30  INFO 61947 --- [main] com.payflow.PayFlowApplication           : Started PayFlowApplication in 3.386 seconds (process running for 3.628)
2026-03-11T20:25:34.398+05:30  INFO 61947 --- [http-nio-8080-exec-1] o.a.c.c.C.[Tomcat].[localhost].[/]       : Initializing Spring DispatcherServlet 'dispatcherServlet'
2026-03-11T20:25:34.398+05:30  INFO 61947 --- [http-nio-8080-exec-1] o.s.web.servlet.DispatcherServlet        : Initializing Servlet 'dispatcherServlet'
2026-03-11T20:25:34.399+05:30  INFO 61947 --- [http-nio-8080-exec-1] o.s.web.servlet.DispatcherServlet        : Completed initialization in 1 ms
2026-03-11T20:26:01.394+05:30  INFO 61947 --- [http-nio-8080-exec-3] com.payflow.service.WalletService        : Credit request received | walletId=52 | amount=553
2026-03-11T20:26:01.417+05:30  INFO 61947 --- [http-nio-8080-exec-3] com.payflow.service.WalletService        : Credit successful | walletId=52 | newBalance=57066.00
2026-03-11T20:32:33.869+05:30  INFO 61947 --- [SpringApplicationShutdownHook] j.LocalContainerEntityManagerFactoryBean : Closing JPA EntityManagerFactory for persistence unit 'default'
2026-03-11T20:32:33.875+05:30  INFO 61947 --- [SpringApplicationShutdownHook] com.zaxxer.hikari.HikariDataSource       : HikariPool-1 - Shutdown initiated...
2026-03-11T20:32:33.884+05:30  INFO 61947 --- [SpringApplicationShutdownHook] com.zaxxer.hikari.HikariDataSource       : HikariPool-1 - Shutdown completed.
2026-03-11T20:44:18.958+05:30  INFO 62200 --- [main] com.payflow.PayFlowApplication           : Starting PayFlowApplication using Java 22.0.1 with PID 62200 (/Users/divyanshu/Downloads/payflow/target/classes started by divyanshu in /Users/divyanshu/Downloads/payflow)
2026-03-11T20:44:18.960+05:30  INFO 62200 --- [main] com.payflow.PayFlowApplication           : No active profile set, falling back to 1 default profile: "default"
2026-03-11T20:44:19.435+05:30  INFO 62200 --- [main] .s.d.r.c.RepositoryConfigurationDelegate : Bootstrapping Spring Data JPA repositories in DEFAULT mode.
2026-03-11T20:44:19.477+05:30  INFO 62200 --- [main] .s.d.r.c.RepositoryConfigurationDelegate : Finished Spring Data repository scanning in 38 ms. Found 5 JPA repository interfaces.
2026-03-11T20:44:19.866+05:30  INFO 62200 --- [main] o.s.b.w.embedded.tomcat.TomcatWebServer  : Tomcat initialized with port 8080 (http)
2026-03-11T20:44:19.880+05:30  INFO 62200 --- [main] o.apache.catalina.core.StandardService   : Starting service [Tomcat]
2026-03-11T20:44:19.880+05:30  INFO 62200 --- [main] o.apache.catalina.core.StandardEngine    : Starting Servlet engine: [Apache Tomcat/10.1.20]
2026-03-11T20:44:19.914+05:30  INFO 62200 --- [main] o.a.c.c.C.[Tomcat].[localhost].[/]       : Initializing Spring embedded WebApplicationContext
2026-03-11T20:44:19.914+05:30  INFO 62200 --- [main] w.s.c.ServletWebServerApplicationContext : Root WebApplicationContext: initialization completed in 922 ms
2026-03-11T20:44:20.015+05:30  INFO 62200 --- [main] o.hibernate.jpa.internal.util.LogHelper  : HHH000204: Processing PersistenceUnitInfo [name: default]
2026-03-11T20:44:20.042+05:30  INFO 62200 --- [main] org.hibernate.Version                    : HHH000412: Hibernate ORM core version 6.4.4.Final
2026-03-11T20:44:20.067+05:30  INFO 62200 --- [main] o.h.c.internal.RegionFactoryInitiator    : HHH000026: Second-level cache disabled
2026-03-11T20:44:20.196+05:30  INFO 62200 --- [main] o.s.o.j.p.SpringPersistenceUnitInfo      : No LoadTimeWeaver setup: ignoring JPA class transformer
2026-03-11T20:44:20.210+05:30  INFO 62200 --- [main] com.zaxxer.hikari.HikariDataSource       : HikariPool-1 - Starting...
2026-03-11T20:44:20.446+05:30  INFO 62200 --- [main] com.zaxxer.hikari.pool.HikariPool        : HikariPool-1 - Added connection com.mysql.cj.jdbc.ConnectionImpl@7d3c22a5
2026-03-11T20:44:20.447+05:30  INFO 62200 --- [main] com.zaxxer.hikari.HikariDataSource       : HikariPool-1 - Start completed.
2026-03-11T20:44:21.047+05:30  INFO 62200 --- [main] o.h.e.t.j.p.i.JtaPlatformInitiator       : HHH000489: No JTA platform available (set 'hibernate.transaction.jta.platform' to enable JTA platform integration)
2026-03-11T20:44:21.120+05:30  INFO 62200 --- [main] j.LocalContainerEntityManagerFactoryBean : Initialized JPA EntityManagerFactory for persistence unit 'default'
2026-03-11T20:44:21.430+05:30  INFO 62200 --- [main] o.s.d.j.r.query.QueryEnhancerFactory     : Hibernate is in classpath; If applicable, HQL parser will be used.
2026-03-11T20:44:21.730+05:30  WARN 62200 --- [main] JpaBaseConfiguration$JpaWebConfiguration : spring.jpa.open-in-view is enabled by default. Therefore, database queries may be performed during view rendering. Explicitly configure spring.jpa.open-in-view to disable this warning
2026-03-11T20:44:21.901+05:30  INFO 62200 --- [main] o.s.s.web.DefaultSecurityFilterChain     : Will secure any request with [org.springframework.security.web.session.DisableEncodeUrlFilter@ceeb762, org.springframework.security.web.context.request.async.WebAsyncManagerIntegrationFilter@3b75fdd0, org.springframework.security.web.context.SecurityContextHolderFilter@adc06b2, org.springframework.security.web.header.HeaderWriterFilter@6dbe6891, org.springframework.web.filter.CorsFilter@504f2bcd, org.springframework.security.web.authentication.logout.LogoutFilter@4563d421, com.payflow.filter.JwtAuthenticationFilter@7a1878d, org.springframework.security.web.authentication.www.BasicAuthenticationFilter@296b758, org.springframework.security.web.savedrequest.RequestCacheAwareFilter@66f15ce5, org.springframework.security.web.servletapi.SecurityContextHolderAwareRequestFilter@69a8191e, org.springframework.security.web.authentication.AnonymousAuthenticationFilter@3c7e7ffd, org.springframework.security.web.session.SessionManagementFilter@4ac64dc2, org.springframework.security.web.access.ExceptionTranslationFilter@7f77d839, org.springframework.security.web.access.intercept.AuthorizationFilter@201c1d99]
2026-03-11T20:44:22.067+05:30  INFO 62200 --- [main] o.s.b.w.embedded.tomcat.TomcatWebServer  : Tomcat started on port 8080 (http) with context path ''
2026-03-11T20:44:22.074+05:30  INFO 62200 --- [main] com.payflow.PayFlowApplication           : Started PayFlowApplication in 3.439 seconds (process running for 3.674)
2026-03-11T20:44:32.733+05:30  INFO 62200 --- [http-nio-8080-exec-1] o.a.c.c.C.[Tomcat].[localhost].[/]       : Initializing Spring DispatcherServlet 'dispatcherServlet'
2026-03-11T20:44:32.733+05:30  INFO 62200 --- [http-nio-8080-exec-1] o.s.web.servlet.DispatcherServlet        : Initializing Servlet 'dispatcherServlet'
2026-03-11T20:44:32.734+05:30  INFO 62200 --- [http-nio-8080-exec-1] o.s.web.servlet.DispatcherServlet        : Completed initialization in 1 ms
2026-03-11T20:45:07.599+05:30  INFO 62200 --- [http-nio-8080-exec-3] com.payflow.service.WalletService        : Credit request received | walletId=52 | amount=553
2026-03-11T20:45:07.626+05:30  INFO 62200 --- [http-nio-8080-exec-3] com.payflow.service.WalletService        : Credit successful | walletId=52 | newBalance=57619.00
2026-03-11T20:45:29.097+05:30  INFO 62200 --- [http-nio-8080-exec-4] com.payflow.service.WalletService        : Credit request received | walletId=52 | amount=553
2026-03-11T20:45:29.111+05:30  INFO 62200 --- [http-nio-8080-exec-4] com.payflow.service.WalletService        : Credit successful | walletId=52 | newBalance=58172.00
2026-03-11T20:45:32.923+05:30  INFO 62200 --- [http-nio-8080-exec-5] com.payflow.service.WalletService        : Credit request received | walletId=52 | amount=553
2026-03-11T20:45:32.935+05:30  INFO 62200 --- [http-nio-8080-exec-5] com.payflow.service.WalletService        : Credit successful | walletId=52 | newBalance=58725.00
2026-03-11T20:45:37.565+05:30  INFO 62200 --- [http-nio-8080-exec-6] com.payflow.service.WalletService        : Credit request received | walletId=52 | amount=553
2026-03-11T20:45:37.579+05:30  INFO 62200 --- [http-nio-8080-exec-6] com.payflow.service.WalletService        : Credit successful | walletId=52 | newBalance=59278.00
2026-03-11T20:46:10.336+05:30  INFO 62200 --- [SpringApplicationShutdownHook] j.LocalContainerEntityManagerFactoryBean : Closing JPA EntityManagerFactory for persistence unit 'default'
2026-03-11T20:46:10.338+05:30  INFO 62200 --- [SpringApplicationShutdownHook] com.zaxxer.hikari.HikariDataSource       : HikariPool-1 - Shutdown initiated...
2026-03-11T20:46:10.342+05:30  INFO 62200 --- [SpringApplicationShutdownHook] com.zaxxer.hikari.HikariDataSource       : HikariPool-1 - Shutdown completed.
2026-03-11T20:46:12.894+05:30  INFO 62225 --- [main] com.payflow.PayFlowApplication           : Starting PayFlowApplication using Java 22.0.1 with PID 62225 (/Users/divyanshu/Downloads/payflow/target/classes started by divyanshu in /Users/divyanshu/Downloads/payflow)
2026-03-11T20:46:12.895+05:30  INFO 62225 --- [main] com.payflow.PayFlowApplication           : No active profile set, falling back to 1 default profile: "default"
2026-03-11T20:46:13.366+05:30  INFO 62225 --- [main] .s.d.r.c.RepositoryConfigurationDelegate : Bootstrapping Spring Data JPA repositories in DEFAULT mode.
2026-03-11T20:46:13.406+05:30  INFO 62225 --- [main] .s.d.r.c.RepositoryConfigurationDelegate : Finished Spring Data repository scanning in 36 ms. Found 5 JPA repository interfaces.
2026-03-11T20:46:13.786+05:30  INFO 62225 --- [main] o.s.b.w.embedded.tomcat.TomcatWebServer  : Tomcat initialized with port 8080 (http)
2026-03-11T20:46:13.793+05:30  INFO 62225 --- [main] o.apache.catalina.core.StandardService   : Starting service [Tomcat]
2026-03-11T20:46:13.793+05:30  INFO 62225 --- [main] o.apache.catalina.core.StandardEngine    : Starting Servlet engine: [Apache Tomcat/10.1.20]
2026-03-11T20:46:13.823+05:30  INFO 62225 --- [main] o.a.c.c.C.[Tomcat].[localhost].[/]       : Initializing Spring embedded WebApplicationContext
2026-03-11T20:46:13.823+05:30  INFO 62225 --- [main] w.s.c.ServletWebServerApplicationContext : Root WebApplicationContext: initialization completed in 898 ms
2026-03-11T20:46:13.921+05:30  INFO 62225 --- [main] o.hibernate.jpa.internal.util.LogHelper  : HHH000204: Processing PersistenceUnitInfo [name: default]
2026-03-11T20:46:13.948+05:30  INFO 62225 --- [main] org.hibernate.Version                    : HHH000412: Hibernate ORM core version 6.4.4.Final
2026-03-11T20:46:13.975+05:30  INFO 62225 --- [main] o.h.c.internal.RegionFactoryInitiator    : HHH000026: Second-level cache disabled
2026-03-11T20:46:14.099+05:30  INFO 62225 --- [main] o.s.o.j.p.SpringPersistenceUnitInfo      : No LoadTimeWeaver setup: ignoring JPA class transformer
2026-03-11T20:46:14.113+05:30  INFO 62225 --- [main] com.zaxxer.hikari.HikariDataSource       : HikariPool-1 - Starting...
2026-03-11T20:46:14.319+05:30  INFO 62225 --- [main] com.zaxxer.hikari.pool.HikariPool        : HikariPool-1 - Added connection com.mysql.cj.jdbc.ConnectionImpl@a4df251
2026-03-11T20:46:14.320+05:30  INFO 62225 --- [main] com.zaxxer.hikari.HikariDataSource       : HikariPool-1 - Start completed.
2026-03-11T20:46:14.907+05:30  INFO 62225 --- [main] o.h.e.t.j.p.i.JtaPlatformInitiator       : HHH000489: No JTA platform available (set 'hibernate.transaction.jta.platform' to enable JTA platform integration)
2026-03-11T20:46:14.981+05:30  INFO 62225 --- [main] j.LocalContainerEntityManagerFactoryBean : Initialized JPA EntityManagerFactory for persistence unit 'default'
2026-03-11T20:46:15.265+05:30  INFO 62225 --- [main] o.s.d.j.r.query.QueryEnhancerFactory     : Hibernate is in classpath; If applicable, HQL parser will be used.
2026-03-11T20:46:15.568+05:30  WARN 62225 --- [main] JpaBaseConfiguration$JpaWebConfiguration : spring.jpa.open-in-view is enabled by default. Therefore, database queries may be performed during view rendering. Explicitly configure spring.jpa.open-in-view to disable this warning
2026-03-11T20:46:15.734+05:30  INFO 62225 --- [main] o.s.s.web.DefaultSecurityFilterChain     : Will secure any request with [org.springframework.security.web.session.DisableEncodeUrlFilter@504f2bcd, org.springframework.security.web.context.request.async.WebAsyncManagerIntegrationFilter@3c7e7ffd, org.springframework.security.web.context.SecurityContextHolderFilter@66f15ce5, org.springframework.security.web.header.HeaderWriterFilter@71c9c7f3, org.springframework.web.filter.CorsFilter@45d28ab7, org.springframework.security.web.authentication.logout.LogoutFilter@3a7deba5, com.payflow.filter.JwtAuthenticationFilter@2389f546, org.springframework.security.web.authentication.www.BasicAuthenticationFilter@6ac0c3aa, org.springframework.security.web.savedrequest.RequestCacheAwareFilter@3ab7b0f, org.springframework.security.web.servletapi.SecurityContextHolderAwareRequestFilter@1621264e, org.springframework.security.web.authentication.AnonymousAuthenticationFilter@51dd74a0, org.springframework.security.web.session.SessionManagementFilter@75af5f2a, org.springframework.security.web.access.ExceptionTranslationFilter@6dbe6891, org.springframework.security.web.access.intercept.AuthorizationFilter@18dda2e1]
2026-03-11T20:46:15.890+05:30  INFO 62225 --- [main] o.s.b.w.embedded.tomcat.TomcatWebServer  : Tomcat started on port 8080 (http) with context path ''
2026-03-11T20:46:15.897+05:30  INFO 62225 --- [main] com.payflow.PayFlowApplication           : Started PayFlowApplication in 3.325 seconds (process running for 3.557)
2026-03-11T20:46:22.746+05:30  INFO 62225 --- [http-nio-8080-exec-2] o.a.c.c.C.[Tomcat].[localhost].[/]       : Initializing Spring DispatcherServlet 'dispatcherServlet'
2026-03-11T20:46:22.746+05:30  INFO 62225 --- [http-nio-8080-exec-2] o.s.web.servlet.DispatcherServlet        : Initializing Servlet 'dispatcherServlet'
2026-03-11T20:46:22.747+05:30  INFO 62225 --- [http-nio-8080-exec-2] o.s.web.servlet.DispatcherServlet        : Completed initialization in 1 ms
2026-03-11T20:46:55.007+05:30  INFO 62225 --- [http-nio-8080-exec-3] com.payflow.service.WalletService        : Credit request received | walletId=52 | amount=553
2026-03-11T20:46:55.030+05:30  INFO 62225 --- [http-nio-8080-exec-3] com.payflow.service.WalletService        : Credit successful | walletId=52 | newBalance=59831.00
2026-03-11T20:46:58.307+05:30  INFO 62225 --- [http-nio-8080-exec-4] com.payflow.service.WalletService        : Credit request received | walletId=52 | amount=553
2026-03-11T20:46:58.324+05:30  INFO 62225 --- [http-nio-8080-exec-4] com.payflow.service.WalletService        : Credit successful | walletId=52 | newBalance=60384.00
2026-03-11T20:47:02.058+05:30  INFO 62225 --- [http-nio-8080-exec-5] com.payflow.service.WalletService        : Credit request received | walletId=52 | amount=553
2026-03-11T20:47:02.073+05:30  INFO 62225 --- [http-nio-8080-exec-5] com.payflow.service.WalletService        : Credit successful | walletId=52 | newBalance=60937.00
2026-03-11T20:47:04.998+05:30  INFO 62225 --- [http-nio-8080-exec-6] com.payflow.service.WalletService        : Credit request received | walletId=52 | amount=553
2026-03-11T20:47:05.017+05:30  INFO 62225 --- [http-nio-8080-exec-6] com.payflow.service.WalletService        : Credit successful | walletId=52 | newBalance=61490.00
2026-03-11T20:50:47.299+05:30  INFO 62225 --- [SpringApplicationShutdownHook] j.LocalContainerEntityManagerFactoryBean : Closing JPA EntityManagerFactory for persistence unit 'default'
2026-03-11T20:50:47.301+05:30  INFO 62225 --- [SpringApplicationShutdownHook] com.zaxxer.hikari.HikariDataSource       : HikariPool-1 - Shutdown initiated...
2026-03-11T20:50:47.304+05:30  INFO 62225 --- [SpringApplicationShutdownHook] com.zaxxer.hikari.HikariDataSource       : HikariPool-1 - Shutdown completed.
2026-03-11T20:50:50.044+05:30  INFO 62284 --- [main] com.payflow.PayFlowApplication           : Starting PayFlowApplication using Java 22.0.1 with PID 62284 (/Users/divyanshu/Downloads/payflow/target/classes started by divyanshu in /Users/divyanshu/Downloads/payflow)
2026-03-11T20:50:50.045+05:30  INFO 62284 --- [main] com.payflow.PayFlowApplication           : No active profile set, falling back to 1 default profile: "default"
2026-03-11T20:50:50.591+05:30  INFO 62284 --- [main] .s.d.r.c.RepositoryConfigurationDelegate : Bootstrapping Spring Data JPA repositories in DEFAULT mode.
2026-03-11T20:50:50.632+05:30  INFO 62284 --- [main] .s.d.r.c.RepositoryConfigurationDelegate : Finished Spring Data repository scanning in 35 ms. Found 5 JPA repository interfaces.
2026-03-11T20:50:51.047+05:30  INFO 62284 --- [main] o.s.b.w.embedded.tomcat.TomcatWebServer  : Tomcat initialized with port 8080 (http)
2026-03-11T20:50:51.058+05:30  INFO 62284 --- [main] o.apache.catalina.core.StandardService   : Starting service [Tomcat]
2026-03-11T20:50:51.058+05:30  INFO 62284 --- [main] o.apache.catalina.core.StandardEngine    : Starting Servlet engine: [Apache Tomcat/10.1.20]
2026-03-11T20:50:51.092+05:30  INFO 62284 --- [main] o.a.c.c.C.[Tomcat].[localhost].[/]       : Initializing Spring embedded WebApplicationContext
2026-03-11T20:50:51.092+05:30  INFO 62284 --- [main] w.s.c.ServletWebServerApplicationContext : Root WebApplicationContext: initialization completed in 1013 ms
2026-03-11T20:50:51.222+05:30  INFO 62284 --- [main] o.hibernate.jpa.internal.util.LogHelper  : HHH000204: Processing PersistenceUnitInfo [name: default]
2026-03-11T20:50:51.256+05:30  INFO 62284 --- [main] org.hibernate.Version                    : HHH000412: Hibernate ORM core version 6.4.4.Final
2026-03-11T20:50:51.283+05:30  INFO 62284 --- [main] o.h.c.internal.RegionFactoryInitiator    : HHH000026: Second-level cache disabled
2026-03-11T20:50:51.413+05:30  INFO 62284 --- [main] o.s.o.j.p.SpringPersistenceUnitInfo      : No LoadTimeWeaver setup: ignoring JPA class transformer
2026-03-11T20:50:51.428+05:30  INFO 62284 --- [main] com.zaxxer.hikari.HikariDataSource       : HikariPool-1 - Starting...
2026-03-11T20:50:51.649+05:30  INFO 62284 --- [main] com.zaxxer.hikari.pool.HikariPool        : HikariPool-1 - Added connection com.mysql.cj.jdbc.ConnectionImpl@305e95a4
2026-03-11T20:50:51.650+05:30  INFO 62284 --- [main] com.zaxxer.hikari.HikariDataSource       : HikariPool-1 - Start completed.
2026-03-11T20:50:52.244+05:30  INFO 62284 --- [main] o.h.e.t.j.p.i.JtaPlatformInitiator       : HHH000489: No JTA platform available (set 'hibernate.transaction.jta.platform' to enable JTA platform integration)
2026-03-11T20:50:52.314+05:30  INFO 62284 --- [main] j.LocalContainerEntityManagerFactoryBean : Initialized JPA EntityManagerFactory for persistence unit 'default'
2026-03-11T20:50:52.619+05:30  INFO 62284 --- [main] o.s.d.j.r.query.QueryEnhancerFactory     : Hibernate is in classpath; If applicable, HQL parser will be used.
2026-03-11T20:50:52.920+05:30  WARN 62284 --- [main] JpaBaseConfiguration$JpaWebConfiguration : spring.jpa.open-in-view is enabled by default. Therefore, database queries may be performed during view rendering. Explicitly configure spring.jpa.open-in-view to disable this warning
2026-03-11T20:50:53.098+05:30  INFO 62284 --- [main] o.s.s.web.DefaultSecurityFilterChain     : Will secure any request with [org.springframework.security.web.session.DisableEncodeUrlFilter@372b2573, org.springframework.security.web.context.request.async.WebAsyncManagerIntegrationFilter@66fd9613, org.springframework.security.web.context.SecurityContextHolderFilter@5392c0a7, org.springframework.security.web.header.HeaderWriterFilter@2d854c13, org.springframework.web.filter.CorsFilter@5c3f9618, org.springframework.security.web.authentication.logout.LogoutFilter@43076326, com.payflow.filter.JwtAuthenticationFilter@35a2ea5a, org.springframework.security.web.authentication.www.BasicAuthenticationFilter@45d28ab7, org.springframework.security.web.savedrequest.RequestCacheAwareFilter@1435feb6, org.springframework.security.web.servletapi.SecurityContextHolderAwareRequestFilter@34fe89a5, org.springframework.security.web.authentication.AnonymousAuthenticationFilter@deb0c0e, org.springframework.security.web.session.SessionManagementFilter@3ab7b0f, org.springframework.security.web.access.ExceptionTranslationFilter@345effd7, org.springframework.security.web.access.intercept.AuthorizationFilter@202ed88d]
2026-03-11T20:50:53.263+05:30  INFO 62284 --- [main] o.s.b.w.embedded.tomcat.TomcatWebServer  : Tomcat started on port 8080 (http) with context path ''
2026-03-11T20:50:53.270+05:30  INFO 62284 --- [main] com.payflow.PayFlowApplication           : Started PayFlowApplication in 3.549 seconds (process running for 3.813)
2026-03-11T20:51:10.232+05:30  INFO 62284 --- [http-nio-8080-exec-1] o.a.c.c.C.[Tomcat].[localhost].[/]       : Initializing Spring DispatcherServlet 'dispatcherServlet'
2026-03-11T20:51:10.233+05:30  INFO 62284 --- [http-nio-8080-exec-1] o.s.web.servlet.DispatcherServlet        : Initializing Servlet 'dispatcherServlet'
2026-03-11T20:51:10.233+05:30  INFO 62284 --- [http-nio-8080-exec-1] o.s.web.servlet.DispatcherServlet        : Completed initialization in 0 ms
2026-03-11T20:51:48.150+05:30  INFO 62284 --- [http-nio-8080-exec-3] com.payflow.service.WalletService        : Credit request received | walletId=52 | amount=11
2026-03-11T20:51:48.191+05:30  WARN 62284 --- [http-nio-8080-exec-3] o.h.engine.jdbc.spi.SqlExceptionHelper   : SQL Error: 1062, SQLState: 23000
2026-03-11T20:51:48.192+05:30 ERROR 62284 --- [http-nio-8080-exec-3] o.h.engine.jdbc.spi.SqlExceptionHelper   : Duplicate entry 'abc-12' for key 'idempotency_keys.UK7lan5ijmyqxet1pjuhp6tvhoc'
2026-03-11T20:51:50.415+05:30  INFO 62284 --- [http-nio-8080-exec-4] com.payflow.service.WalletService        : Credit request received | walletId=52 | amount=11
2026-03-11T20:51:50.439+05:30  INFO 62284 --- [http-nio-8080-exec-4] com.payflow.service.WalletService        : Credit successful | walletId=52 | newBalance=61501.00
2026-03-11T20:51:52.534+05:30  INFO 62284 --- [http-nio-8080-exec-5] com.payflow.service.WalletService        : Credit request received | walletId=52 | amount=11
2026-03-11T20:51:52.549+05:30  INFO 62284 --- [http-nio-8080-exec-5] com.payflow.service.WalletService        : Credit successful | walletId=52 | newBalance=61512.00
2026-03-11T20:51:54.431+05:30  INFO 62284 --- [http-nio-8080-exec-6] com.payflow.service.WalletService        : Credit request received | walletId=52 | amount=11
2026-03-11T20:51:54.445+05:30  INFO 62284 --- [http-nio-8080-exec-6] com.payflow.service.WalletService        : Credit successful | walletId=52 | newBalance=61523.00
2026-03-11T20:51:56.194+05:30  INFO 62284 --- [http-nio-8080-exec-7] com.payflow.service.WalletService        : Credit request received | walletId=52 | amount=11
2026-03-11T20:51:56.206+05:30  INFO 62284 --- [http-nio-8080-exec-7] com.payflow.service.WalletService        : Credit successful | walletId=52 | newBalance=61534.00
2026-03-11T20:51:58.189+05:30  INFO 62284 --- [http-nio-8080-exec-8] com.payflow.service.WalletService        : Credit request received | walletId=52 | amount=11
2026-03-11T20:51:58.204+05:30  INFO 62284 --- [http-nio-8080-exec-8] com.payflow.service.WalletService        : Credit successful | walletId=52 | newBalance=61545.00
2026-03-11T20:57:13.721+05:30  INFO 62284 --- [SpringApplicationShutdownHook] j.LocalContainerEntityManagerFactoryBean : Closing JPA EntityManagerFactory for persistence unit 'default'
2026-03-11T20:57:13.727+05:30  INFO 62284 --- [SpringApplicationShutdownHook] com.zaxxer.hikari.HikariDataSource       : HikariPool-1 - Shutdown initiated...
2026-03-11T20:57:13.742+05:30  INFO 62284 --- [SpringApplicationShutdownHook] com.zaxxer.hikari.HikariDataSource       : HikariPool-1 - Shutdown completed.
2026-03-11T20:57:16.281+05:30  INFO 62364 --- [main] com.payflow.PayFlowApplication           : Starting PayFlowApplication using Java 22.0.1 with PID 62364 (/Users/divyanshu/Downloads/payflow/target/classes started by divyanshu in /Users/divyanshu/Downloads/payflow)
2026-03-11T20:57:16.282+05:30  INFO 62364 --- [main] com.payflow.PayFlowApplication           : No active profile set, falling back to 1 default profile: "default"
2026-03-11T20:57:16.993+05:30  INFO 62364 --- [main] .s.d.r.c.RepositoryConfigurationDelegate : Bootstrapping Spring Data JPA repositories in DEFAULT mode.
2026-03-11T20:57:17.052+05:30  INFO 62364 --- [main] .s.d.r.c.RepositoryConfigurationDelegate : Finished Spring Data repository scanning in 53 ms. Found 5 JPA repository interfaces.
2026-03-11T20:57:17.533+05:30  INFO 62364 --- [main] o.s.b.w.embedded.tomcat.TomcatWebServer  : Tomcat initialized with port 8080 (http)
2026-03-11T20:57:17.542+05:30  INFO 62364 --- [main] o.apache.catalina.core.StandardService   : Starting service [Tomcat]
2026-03-11T20:57:17.542+05:30  INFO 62364 --- [main] o.apache.catalina.core.StandardEngine    : Starting Servlet engine: [Apache Tomcat/10.1.20]
2026-03-11T20:57:17.578+05:30  INFO 62364 --- [main] o.a.c.c.C.[Tomcat].[localhost].[/]       : Initializing Spring embedded WebApplicationContext
2026-03-11T20:57:17.578+05:30  INFO 62364 --- [main] w.s.c.ServletWebServerApplicationContext : Root WebApplicationContext: initialization completed in 1262 ms
2026-03-11T20:57:17.681+05:30  INFO 62364 --- [main] o.hibernate.jpa.internal.util.LogHelper  : HHH000204: Processing PersistenceUnitInfo [name: default]
2026-03-11T20:57:17.722+05:30  INFO 62364 --- [main] org.hibernate.Version                    : HHH000412: Hibernate ORM core version 6.4.4.Final
2026-03-11T20:57:17.756+05:30  INFO 62364 --- [main] o.h.c.internal.RegionFactoryInitiator    : HHH000026: Second-level cache disabled
2026-03-11T20:57:17.900+05:30  INFO 62364 --- [main] o.s.o.j.p.SpringPersistenceUnitInfo      : No LoadTimeWeaver setup: ignoring JPA class transformer
2026-03-11T20:57:17.915+05:30  INFO 62364 --- [main] com.zaxxer.hikari.HikariDataSource       : HikariPool-1 - Starting...
2026-03-11T20:57:18.151+05:30  INFO 62364 --- [main] com.zaxxer.hikari.pool.HikariPool        : HikariPool-1 - Added connection com.mysql.cj.jdbc.ConnectionImpl@6ec3d8e4
2026-03-11T20:57:18.152+05:30  INFO 62364 --- [main] com.zaxxer.hikari.HikariDataSource       : HikariPool-1 - Start completed.
2026-03-11T20:57:18.756+05:30  INFO 62364 --- [main] o.h.e.t.j.p.i.JtaPlatformInitiator       : HHH000489: No JTA platform available (set 'hibernate.transaction.jta.platform' to enable JTA platform integration)
2026-03-11T20:57:18.828+05:30  INFO 62364 --- [main] j.LocalContainerEntityManagerFactoryBean : Initialized JPA EntityManagerFactory for persistence unit 'default'
2026-03-11T20:57:19.115+05:30  INFO 62364 --- [main] o.s.d.j.r.query.QueryEnhancerFactory     : Hibernate is in classpath; If applicable, HQL parser will be used.
2026-03-11T20:57:19.412+05:30  WARN 62364 --- [main] JpaBaseConfiguration$JpaWebConfiguration : spring.jpa.open-in-view is enabled by default. Therefore, database queries may be performed during view rendering. Explicitly configure spring.jpa.open-in-view to disable this warning
2026-03-11T20:57:19.576+05:30  INFO 62364 --- [main] o.s.s.web.DefaultSecurityFilterChain     : Will secure any request with [org.springframework.security.web.session.DisableEncodeUrlFilter@10bf2185, org.springframework.security.web.context.request.async.WebAsyncManagerIntegrationFilter@14c06f50, org.springframework.security.web.context.SecurityContextHolderFilter@7f50b08a, org.springframework.security.web.header.HeaderWriterFilter@5392c0a7, org.springframework.web.filter.CorsFilter@6230a15a, org.springframework.security.web.authentication.logout.LogoutFilter@4eb0ed44, com.payflow.filter.JwtAuthenticationFilter@64245ca9, org.springframework.security.web.authentication.www.BasicAuthenticationFilter@808f65, org.springframework.security.web.savedrequest.RequestCacheAwareFilter@333cedbd, org.springframework.security.web.servletapi.SecurityContextHolderAwareRequestFilter@388b9799, org.springframework.security.web.authentication.AnonymousAuthenticationFilter@7225f871, org.springframework.security.web.session.SessionManagementFilter@6479b4cb, org.springframework.security.web.access.ExceptionTranslationFilter@1621264e, org.springframework.security.web.access.intercept.AuthorizationFilter@51dd74a0]
2026-03-11T20:57:19.727+05:30  INFO 62364 --- [main] o.s.b.w.embedded.tomcat.TomcatWebServer  : Tomcat started on port 8080 (http) with context path ''
2026-03-11T20:57:19.733+05:30  INFO 62364 --- [main] com.payflow.PayFlowApplication           : Started PayFlowApplication in 3.783 seconds (process running for 4.013)
2026-03-11T20:57:21.315+05:30  INFO 62364 --- [http-nio-8080-exec-1] o.a.c.c.C.[Tomcat].[localhost].[/]       : Initializing Spring DispatcherServlet 'dispatcherServlet'
2026-03-11T20:57:21.315+05:30  INFO 62364 --- [http-nio-8080-exec-1] o.s.web.servlet.DispatcherServlet        : Initializing Servlet 'dispatcherServlet'
2026-03-11T20:57:21.316+05:30  INFO 62364 --- [http-nio-8080-exec-1] o.s.web.servlet.DispatcherServlet        : Completed initialization in 0 ms
2026-03-11T20:57:43.598+05:30  INFO 62364 --- [http-nio-8080-exec-3] com.payflow.service.WalletService        : Credit request received | walletId=52 | amount=11
2026-03-11T20:57:43.621+05:30  INFO 62364 --- [http-nio-8080-exec-3] com.payflow.service.WalletService        : Credit successful | walletId=52 | newBalance=61556.00
2026-03-11T20:57:45.726+05:30  INFO 62364 --- [http-nio-8080-exec-5] com.payflow.service.WalletService        : Credit request received | walletId=52 | amount=11
2026-03-11T20:57:45.744+05:30  INFO 62364 --- [http-nio-8080-exec-5] com.payflow.service.WalletService        : Credit successful | walletId=52 | newBalance=61567.00
2026-03-11T20:57:47.316+05:30  INFO 62364 --- [http-nio-8080-exec-4] com.payflow.service.WalletService        : Credit request received | walletId=52 | amount=11
2026-03-11T20:57:47.329+05:30  INFO 62364 --- [http-nio-8080-exec-4] com.payflow.service.WalletService        : Credit successful | walletId=52 | newBalance=61578.00
2026-03-11T20:57:49.103+05:30  INFO 62364 --- [http-nio-8080-exec-6] com.payflow.service.WalletService        : Credit request received | walletId=52 | amount=11
2026-03-11T20:57:49.120+05:30  INFO 62364 --- [http-nio-8080-exec-6] com.payflow.service.WalletService        : Credit successful | walletId=52 | newBalance=61589.00
2026-03-11T20:57:50.933+05:30  INFO 62364 --- [http-nio-8080-exec-7] com.payflow.service.WalletService        : Credit request received | walletId=52 | amount=11
2026-03-11T20:57:50.947+05:30  INFO 62364 --- [http-nio-8080-exec-7] com.payflow.service.WalletService        : Credit successful | walletId=52 | newBalance=61600.00
2026-03-11T21:03:24.024+05:30  INFO 62364 --- [SpringApplicationShutdownHook] j.LocalContainerEntityManagerFactoryBean : Closing JPA EntityManagerFactory for persistence unit 'default'
2026-03-11T21:03:24.027+05:30  INFO 62364 --- [SpringApplicationShutdownHook] com.zaxxer.hikari.HikariDataSource       : HikariPool-1 - Shutdown initiated...
2026-03-11T21:03:24.034+05:30  INFO 62364 --- [SpringApplicationShutdownHook] com.zaxxer.hikari.HikariDataSource       : HikariPool-1 - Shutdown completed.
2026-03-11T21:03:26.600+05:30  INFO 62428 --- [main] com.payflow.PayFlowApplication           : Starting PayFlowApplication using Java 22.0.1 with PID 62428 (/Users/divyanshu/Downloads/payflow/target/classes started by divyanshu in /Users/divyanshu/Downloads/payflow)
2026-03-11T21:03:26.602+05:30  INFO 62428 --- [main] com.payflow.PayFlowApplication           : No active profile set, falling back to 1 default profile: "default"
2026-03-11T21:03:27.062+05:30  INFO 62428 --- [main] .s.d.r.c.RepositoryConfigurationDelegate : Bootstrapping Spring Data JPA repositories in DEFAULT mode.
2026-03-11T21:03:27.106+05:30  INFO 62428 --- [main] .s.d.r.c.RepositoryConfigurationDelegate : Finished Spring Data repository scanning in 39 ms. Found 5 JPA repository interfaces.
2026-03-11T21:03:27.515+05:30  INFO 62428 --- [main] o.s.b.w.embedded.tomcat.TomcatWebServer  : Tomcat initialized with port 8080 (http)
2026-03-11T21:03:27.522+05:30  INFO 62428 --- [main] o.apache.catalina.core.StandardService   : Starting service [Tomcat]
2026-03-11T21:03:27.522+05:30  INFO 62428 --- [main] o.apache.catalina.core.StandardEngine    : Starting Servlet engine: [Apache Tomcat/10.1.20]
2026-03-11T21:03:27.551+05:30  INFO 62428 --- [main] o.a.c.c.C.[Tomcat].[localhost].[/]       : Initializing Spring embedded WebApplicationContext
2026-03-11T21:03:27.552+05:30  INFO 62428 --- [main] w.s.c.ServletWebServerApplicationContext : Root WebApplicationContext: initialization completed in 919 ms
2026-03-11T21:03:27.664+05:30  INFO 62428 --- [main] o.hibernate.jpa.internal.util.LogHelper  : HHH000204: Processing PersistenceUnitInfo [name: default]
2026-03-11T21:03:27.693+05:30  INFO 62428 --- [main] org.hibernate.Version                    : HHH000412: Hibernate ORM core version 6.4.4.Final
2026-03-11T21:03:27.722+05:30  INFO 62428 --- [main] o.h.c.internal.RegionFactoryInitiator    : HHH000026: Second-level cache disabled
2026-03-11T21:03:27.851+05:30  INFO 62428 --- [main] o.s.o.j.p.SpringPersistenceUnitInfo      : No LoadTimeWeaver setup: ignoring JPA class transformer
2026-03-11T21:03:27.865+05:30  INFO 62428 --- [main] com.zaxxer.hikari.HikariDataSource       : HikariPool-1 - Starting...
2026-03-11T21:03:28.082+05:30  INFO 62428 --- [main] com.zaxxer.hikari.pool.HikariPool        : HikariPool-1 - Added connection com.mysql.cj.jdbc.ConnectionImpl@222d9d4f
2026-03-11T21:03:28.083+05:30  INFO 62428 --- [main] com.zaxxer.hikari.HikariDataSource       : HikariPool-1 - Start completed.
2026-03-11T21:03:28.676+05:30  INFO 62428 --- [main] o.h.e.t.j.p.i.JtaPlatformInitiator       : HHH000489: No JTA platform available (set 'hibernate.transaction.jta.platform' to enable JTA platform integration)
2026-03-11T21:03:28.745+05:30  INFO 62428 --- [main] j.LocalContainerEntityManagerFactoryBean : Initialized JPA EntityManagerFactory for persistence unit 'default'
2026-03-11T21:03:29.036+05:30  INFO 62428 --- [main] o.s.d.j.r.query.QueryEnhancerFactory     : Hibernate is in classpath; If applicable, HQL parser will be used.
2026-03-11T21:03:29.355+05:30  WARN 62428 --- [main] JpaBaseConfiguration$JpaWebConfiguration : spring.jpa.open-in-view is enabled by default. Therefore, database queries may be performed during view rendering. Explicitly configure spring.jpa.open-in-view to disable this warning
2026-03-11T21:03:29.524+05:30  INFO 62428 --- [main] o.s.s.web.DefaultSecurityFilterChain     : Will secure any request with [org.springframework.security.web.session.DisableEncodeUrlFilter@372b2573, org.springframework.security.web.context.request.async.WebAsyncManagerIntegrationFilter@66fd9613, org.springframework.security.web.context.SecurityContextHolderFilter@5392c0a7, org.springframework.security.web.header.HeaderWriterFilter@2d854c13, org.springframework.web.filter.CorsFilter@5c3f9618, org.springframework.security.web.authentication.logout.LogoutFilter@43076326, com.payflow.filter.JwtAuthenticationFilter@5325674a, org.springframework.security.web.authentication.www.BasicAuthenticationFilter@45d28ab7, org.springframework.security.web.savedrequest.RequestCacheAwareFilter@1435feb6, org.springframework.security.web.servletapi.SecurityContextHolderAwareRequestFilter@34fe89a5, org.springframework.security.web.authentication.AnonymousAuthenticationFilter@deb0c0e, org.springframework.security.web.session.SessionManagementFilter@3ab7b0f, org.springframework.security.web.access.ExceptionTranslationFilter@345effd7, org.springframework.security.web.access.intercept.AuthorizationFilter@202ed88d]
2026-03-11T21:03:29.685+05:30  INFO 62428 --- [main] o.s.b.w.embedded.tomcat.TomcatWebServer  : Tomcat started on port 8080 (http) with context path ''
2026-03-11T21:03:29.691+05:30  INFO 62428 --- [main] com.payflow.PayFlowApplication           : Started PayFlowApplication in 3.401 seconds (process running for 3.633)
2026-03-11T21:03:32.384+05:30  INFO 62428 --- [http-nio-8080-exec-1] o.a.c.c.C.[Tomcat].[localhost].[/]       : Initializing Spring DispatcherServlet 'dispatcherServlet'
2026-03-11T21:03:32.385+05:30  INFO 62428 --- [http-nio-8080-exec-1] o.s.web.servlet.DispatcherServlet        : Initializing Servlet 'dispatcherServlet'
2026-03-11T21:03:32.386+05:30  INFO 62428 --- [http-nio-8080-exec-1] o.s.web.servlet.DispatcherServlet        : Completed initialization in 1 ms
2026-03-11T21:04:16.131+05:30  INFO 62428 --- [http-nio-8080-exec-3] com.payflow.service.WalletService        : Credit request received | walletId=52 | amount=11
2026-03-11T21:04:16.152+05:30  INFO 62428 --- [http-nio-8080-exec-3] .s.a.AnnotationAsyncExecutionInterceptor : More than one TaskExecutor bean found within the context, and none is named 'taskExecutor'. Mark one of them as primary or name it 'taskExecutor' (possibly as an alias) in order to use it for async processing: [notificationExecutor, notifiionExecutor]
2026-03-11T21:04:16.153+05:30  INFO 62428 --- [http-nio-8080-exec-3] com.payflow.service.WalletService        : Credit successful | walletId=52 | newBalance=61611.00
2026-03-11T21:04:19.119+05:30  INFO 62428 --- [http-nio-8080-exec-4] com.payflow.service.WalletService        : Credit request received | walletId=52 | amount=11
2026-03-11T21:04:19.130+05:30  INFO 62428 --- [http-nio-8080-exec-4] com.payflow.service.WalletService        : Credit successful | walletId=52 | newBalance=61622.00
2026-03-11T21:04:21.377+05:30  INFO 62428 --- [http-nio-8080-exec-5] com.payflow.service.WalletService        : Credit request received | walletId=52 | amount=11
2026-03-11T21:04:21.394+05:30  INFO 62428 --- [http-nio-8080-exec-5] com.payflow.service.WalletService        : Credit successful | walletId=52 | newBalance=61633.00
2026-03-11T21:04:23.125+05:30  INFO 62428 --- [http-nio-8080-exec-6] com.payflow.service.WalletService        : Credit request received | walletId=52 | amount=11
2026-03-11T21:04:23.141+05:30  INFO 62428 --- [http-nio-8080-exec-6] com.payflow.service.WalletService        : Credit successful | walletId=52 | newBalance=61644.00
2026-03-11T21:04:25.066+05:30  INFO 62428 --- [http-nio-8080-exec-7] com.payflow.service.WalletService        : Credit request received | walletId=52 | amount=11
2026-03-11T21:04:25.081+05:30  INFO 62428 --- [http-nio-8080-exec-7] com.payflow.service.WalletService        : Credit successful | walletId=52 | newBalance=61655.00
2026-03-11T21:04:43.313+05:30  INFO 62428 --- [SpringApplicationShutdownHook] j.LocalContainerEntityManagerFactoryBean : Closing JPA EntityManagerFactory for persistence unit 'default'
2026-03-11T21:04:43.315+05:30  INFO 62428 --- [SpringApplicationShutdownHook] com.zaxxer.hikari.HikariDataSource       : HikariPool-1 - Shutdown initiated...
2026-03-11T21:04:43.319+05:30  INFO 62428 --- [SpringApplicationShutdownHook] com.zaxxer.hikari.HikariDataSource       : HikariPool-1 - Shutdown completed.
